build	Build Storybook	2025-01-01T07:20:44.7846719Z ##[group]Run npm run build-storybook
build	Build Storybook	2025-01-01T07:20:44.7847084Z [36;1mnpm run build-storybook[0m
build	Build Storybook	2025-01-01T07:20:44.7905526Z shell: /usr/bin/bash -e {0}
build	Build Storybook	2025-01-01T07:20:44.7905788Z ##[endgroup]
build	Build Storybook	2025-01-01T07:20:44.9144232Z 
build	Build Storybook	2025-01-01T07:20:44.9144918Z > nextjs-template@0.1.0 build-storybook
build	Build Storybook	2025-01-01T07:20:44.9145826Z > storybook build
build	Build Storybook	2025-01-01T07:20:44.9146066Z 
build	Build Storybook	2025-01-01T07:20:45.3469225Z [1m@storybook/core v8.4.7
build	Build Storybook	2025-01-01T07:20:45.3479215Z [22m
build	Build Storybook	2025-01-01T07:20:45.3634303Z info => Cleaning outputDir: [36mstorybook-static[39m
build	Build Storybook	2025-01-01T07:20:45.4868290Z info => Loading presets
build	Build Storybook	2025-01-01T07:20:45.7248891Z WARN Could not resolve addon "@storybook/preset-scss", skipping. Is it installed?
build	Build Storybook	2025-01-01T07:20:46.0747753Z WARN Could not resolve addon "@storybook/preset-scss", skipping. Is it installed?
build	Build Storybook	2025-01-01T07:20:46.0899988Z info => Building manager..
build	Build Storybook	2025-01-01T07:20:46.3098302Z info => Manager built ([38;2;181;126;229m219 ms[39m)
build	Build Storybook	2025-01-01T07:20:46.3146854Z info => Building preview..
build	Build Storybook	2025-01-01T07:20:46.5634518Z info Addon-docs: using MDX3
build	Build Storybook	2025-01-01T07:20:46.5733817Z info => Using implicit CSS loaders
build	Build Storybook	2025-01-01T07:20:46.5754308Z WARN No story files found for the specified pattern: [34msrc/**/*.mdx[39m
build	Build Storybook	2025-01-01T07:20:46.7457729Z info => Using SWC as compiler
build	Build Storybook	2025-01-01T07:20:47.1688574Z info => Using default Webpack5 setup
build	Build Storybook	2025-01-01T07:20:47.3999513Z <s> [webpack.Progress] 0% 
build	Build Storybook	2025-01-01T07:20:47.4000474Z 
build	Build Storybook	2025-01-01T07:20:47.4001499Z <s> [webpack.Progress] 1% setup before run
build	Build Storybook	2025-01-01T07:20:47.4002675Z <s> [webpack.Progress] 1% setup before run NodeEnvironmentPlugin
build	Build Storybook	2025-01-01T07:20:47.4006001Z <s> [webpack.Progress] 1% setup before run
build	Build Storybook	2025-01-01T07:20:47.4009563Z <s> [webpack.Progress] 2% setup run
build	Build Storybook	2025-01-01T07:20:47.4010665Z <s> [webpack.Progress] 2% setup run
build	Build Storybook	2025-01-01T07:20:47.4040751Z <s> [webpack.Progress] 4% setup normal module factory
build	Build Storybook	2025-01-01T07:20:47.4042114Z <s> [webpack.Progress] 4% setup normal module factory CaseSensitivePathsPlugin
build	Build Storybook	2025-01-01T07:20:47.4043710Z <s> [webpack.Progress] 4% setup normal module factory
build	Build Storybook	2025-01-01T07:20:47.4047197Z <s> [webpack.Progress] 5% setup context module factory
build	Build Storybook	2025-01-01T07:20:47.4048489Z <s> [webpack.Progress] 5% setup context module factory
build	Build Storybook	2025-01-01T07:20:47.4050547Z <s> [webpack.Progress] 6% setup before compile
build	Build Storybook	2025-01-01T07:20:47.4051758Z <s> [webpack.Progress] 6% setup before compile ProgressPlugin
build	Build Storybook	2025-01-01T07:20:47.4054556Z <s> [webpack.Progress] 6% setup before compile
build	Build Storybook	2025-01-01T07:20:47.4057019Z <s> [webpack.Progress] 7% setup compile
build	Build Storybook	2025-01-01T07:20:47.4058020Z <s> [webpack.Progress] 7% setup compile ExternalsPlugin
build	Build Storybook	2025-01-01T07:20:47.4059767Z <s> [webpack.Progress] 7% setup compile ExternalsPlugin
build	Build Storybook	2025-01-01T07:20:47.4060836Z <s> [webpack.Progress] 7% setup compile
build	Build Storybook	2025-01-01T07:20:47.4097619Z <s> [webpack.Progress] 8% setup compilation
build	Build Storybook	2025-01-01T07:20:47.4099132Z <s> [webpack.Progress] 8% setup compilation HtmlWebpackPlugin
build	Build Storybook	2025-01-01T07:20:47.4100765Z <s> [webpack.Progress] 8% setup compilation unplugin-csf
build	Build Storybook	2025-01-01T07:20:47.4102074Z <s> [webpack.Progress] 8% setup compilation ArrayPushCallbackChunkFormatPlugin
build	Build Storybook	2025-01-01T07:20:47.4104317Z <s> [webpack.Progress] 8% setup compilation JsonpChunkLoadingPlugin
build	Build Storybook	2025-01-01T07:20:47.4105780Z <s> [webpack.Progress] 8% setup compilation StartupChunkDependenciesPlugin
build	Build Storybook	2025-01-01T07:20:47.4107541Z <s> [webpack.Progress] 8% setup compilation ImportScriptsChunkLoadingPlugin
build	Build Storybook	2025-01-01T07:20:47.4108831Z <s> [webpack.Progress] 8% setup compilation WorkerPlugin
build	Build Storybook	2025-01-01T07:20:47.4112930Z <s> [webpack.Progress] 8% setup compilation SplitChunksPlugin
build	Build Storybook	2025-01-01T07:20:47.4119889Z <s> [webpack.Progress] 8% setup compilation RuntimeChunkPlugin
build	Build Storybook	2025-01-01T07:20:47.4120803Z <s> [webpack.Progress] 8% setup compilation ResolverCachePlugin
build	Build Storybook	2025-01-01T07:20:47.4122510Z <s> [webpack.Progress] 8% setup compilation
build	Build Storybook	2025-01-01T07:20:47.4126152Z <s> [webpack.Progress] 9% setup compilation
build	Build Storybook	2025-01-01T07:20:47.4126877Z <s> [webpack.Progress] 9% setup compilation DefinePlugin
build	Build Storybook	2025-01-01T07:20:47.4148119Z <s> [webpack.Progress] 9% setup compilation ProvidePlugin
build	Build Storybook	2025-01-01T07:20:47.4151140Z <s> [webpack.Progress] 9% setup compilation ProgressPlugin
build	Build Storybook	2025-01-01T07:20:47.4157198Z <s> [webpack.Progress] 9% setup compilation DefinePlugin
build	Build Storybook	2025-01-01T07:20:47.4158571Z <s> [webpack.Progress] 9% setup compilation DefinePlugin
build	Build Storybook	2025-01-01T07:20:47.4160039Z <s> [webpack.Progress] 9% setup compilation ProvidePlugin
build	Build Storybook	2025-01-01T07:20:47.4160933Z <s> [webpack.Progress] 9% setup compilation ChunkPrefetchPreloadPlugin
build	Build Storybook	2025-01-01T07:20:47.4161777Z <s> [webpack.Progress] 9% setup compilation SourceMapDevToolPlugin
build	Build Storybook	2025-01-01T07:20:47.4165094Z <s> [webpack.Progress] 9% setup compilation JavascriptModulesPlugin
build	Build Storybook	2025-01-01T07:20:47.4168374Z <s> [webpack.Progress] 9% setup compilation JsonModulesPlugin
build	Build Storybook	2025-01-01T07:20:47.4169212Z <s> [webpack.Progress] 9% setup compilation AssetModulesPlugin
build	Build Storybook	2025-01-01T07:20:47.4171329Z <s> [webpack.Progress] 9% setup compilation EntryPlugin
build	Build Storybook	2025-01-01T07:20:47.4172118Z <s> [webpack.Progress] 9% setup compilation RuntimePlugin
build	Build Storybook	2025-01-01T07:20:47.4177530Z <s> [webpack.Progress] 9% setup compilation InferAsyncModulesPlugin
build	Build Storybook	2025-01-01T07:20:47.4178415Z <s> [webpack.Progress] 9% setup compilation DataUriPlugin
build	Build Storybook	2025-01-01T07:20:47.4180842Z <s> [webpack.Progress] 9% setup compilation FileUriPlugin
build	Build Storybook	2025-01-01T07:20:47.4181666Z <s> [webpack.Progress] 9% setup compilation CompatibilityPlugin
build	Build Storybook	2025-01-01T07:20:47.4183865Z <s> [webpack.Progress] 9% setup compilation HarmonyModulesPlugin
build	Build Storybook	2025-01-01T07:20:47.4187467Z <s> [webpack.Progress] 9% setup compilation AMDPlugin
build	Build Storybook	2025-01-01T07:20:47.4190876Z <s> [webpack.Progress] 9% setup compilation RequireJsStuffPlugin
build	Build Storybook	2025-01-01T07:20:47.4192123Z <s> [webpack.Progress] 9% setup compilation CommonJsPlugin
build	Build Storybook	2025-01-01T07:20:47.4199873Z <s> [webpack.Progress] 9% setup compilation LoaderPlugin
build	Build Storybook	2025-01-01T07:20:47.4200633Z <s> [webpack.Progress] 9% setup compilation LoaderPlugin
build	Build Storybook	2025-01-01T07:20:47.4201409Z <s> [webpack.Progress] 9% setup compilation NodeStuffPlugin
build	Build Storybook	2025-01-01T07:20:47.4202194Z <s> [webpack.Progress] 9% setup compilation APIPlugin
build	Build Storybook	2025-01-01T07:20:47.4205901Z <s> [webpack.Progress] 9% setup compilation ExportsInfoApiPlugin
build	Build Storybook	2025-01-01T07:20:47.4207752Z <s> [webpack.Progress] 9% setup compilation WebpackIsIncludedPlugin
build	Build Storybook	2025-01-01T07:20:47.4208614Z <s> [webpack.Progress] 9% setup compilation ConstPlugin
build	Build Storybook	2025-01-01T07:20:47.4211526Z <s> [webpack.Progress] 9% setup compilation UseStrictPlugin
build	Build Storybook	2025-01-01T07:20:47.4212370Z <s> [webpack.Progress] 9% setup compilation RequireIncludePlugin
build	Build Storybook	2025-01-01T07:20:47.4216194Z <s> [webpack.Progress] 9% setup compilation RequireEnsurePlugin
build	Build Storybook	2025-01-01T07:20:47.4217839Z <s> [webpack.Progress] 9% setup compilation RequireContextPlugin
build	Build Storybook	2025-01-01T07:20:47.4218680Z <s> [webpack.Progress] 9% setup compilation ImportPlugin
build	Build Storybook	2025-01-01T07:20:47.4221096Z <s> [webpack.Progress] 9% setup compilation ImportMetaContextPlugin
build	Build Storybook	2025-01-01T07:20:47.4222536Z <s> [webpack.Progress] 9% setup compilation SystemPlugin
build	Build Storybook	2025-01-01T07:20:47.4224441Z <s> [webpack.Progress] 9% setup compilation ImportMetaPlugin
build	Build Storybook	2025-01-01T07:20:47.4225785Z <s> [webpack.Progress] 9% setup compilation URLPlugin
build	Build Storybook	2025-01-01T07:20:47.4228266Z <s> [webpack.Progress] 9% setup compilation DefaultStatsFactoryPlugin
build	Build Storybook	2025-01-01T07:20:47.4229949Z <s> [webpack.Progress] 9% setup compilation DefaultStatsPresetPlugin
build	Build Storybook	2025-01-01T07:20:47.4230865Z <s> [webpack.Progress] 9% setup compilation DefaultStatsPrinterPlugin
build	Build Storybook	2025-01-01T07:20:47.4234135Z <s> [webpack.Progress] 9% setup compilation JavascriptMetaInfoPlugin
build	Build Storybook	2025-01-01T07:20:47.4235740Z <s> [webpack.Progress] 9% setup compilation EnsureChunkConditionsPlugin
build	Build Storybook	2025-01-01T07:20:47.4238160Z <s> [webpack.Progress] 9% setup compilation RemoveEmptyChunksPlugin
build	Build Storybook	2025-01-01T07:20:47.4239188Z <s> [webpack.Progress] 9% setup compilation MergeDuplicateChunksPlugin
build	Build Storybook	2025-01-01T07:20:47.4240796Z <s> [webpack.Progress] 9% setup compilation FlagIncludedChunksPlugin
build	Build Storybook	2025-01-01T07:20:47.4242356Z <s> [webpack.Progress] 9% setup compilation SideEffectsFlagPlugin
build	Build Storybook	2025-01-01T07:20:47.4244353Z <s> [webpack.Progress] 9% setup compilation FlagDependencyExportsPlugin
build	Build Storybook	2025-01-01T07:20:47.4247030Z <s> [webpack.Progress] 9% setup compilation FlagDependencyUsagePlugin
build	Build Storybook	2025-01-01T07:20:47.4249764Z <s> [webpack.Progress] 9% setup compilation InnerGraphPlugin
build	Build Storybook	2025-01-01T07:20:47.4253070Z <s> [webpack.Progress] 9% setup compilation MangleExportsPlugin
build	Build Storybook	2025-01-01T07:20:47.4254013Z <s> [webpack.Progress] 9% setup compilation ModuleConcatenationPlugin
build	Build Storybook	2025-01-01T07:20:47.4257482Z <s> [webpack.Progress] 9% setup compilation NoEmitOnErrorsPlugin
build	Build Storybook	2025-01-01T07:20:47.4258406Z <s> [webpack.Progress] 9% setup compilation RealContentHashPlugin
build	Build Storybook	2025-01-01T07:20:47.4262263Z <s> [webpack.Progress] 9% setup compilation WasmFinalizeExportsPlugin
build	Build Storybook	2025-01-01T07:20:47.4263778Z <s> [webpack.Progress] 9% setup compilation NamedModuleIdsPlugin
build	Build Storybook	2025-01-01T07:20:47.4265415Z <s> [webpack.Progress] 9% setup compilation DeterministicChunkIdsPlugin
build	Build Storybook	2025-01-01T07:20:47.4266239Z <s> [webpack.Progress] 9% setup compilation DefinePlugin
build	Build Storybook	2025-01-01T07:20:47.4266925Z <s> [webpack.Progress] 9% setup compilation TerserPlugin
build	Build Storybook	2025-01-01T07:20:47.4283881Z <s> [webpack.Progress] 9% setup compilation TemplatedPathPlugin
build	Build Storybook	2025-01-01T07:20:47.4285264Z <s> [webpack.Progress] 9% setup compilation RecordIdsPlugin
build	Build Storybook	2025-01-01T07:20:47.4286963Z <s> [webpack.Progress] 9% setup compilation WarnCaseSensitiveModulesPlugin
build	Build Storybook	2025-01-01T07:20:47.4287904Z <s> [webpack.Progress] 9% setup compilation IgnoreWarningsPlugin
build	Build Storybook	2025-01-01T07:20:47.4288642Z <s> [webpack.Progress] 9% setup compilation
build	Build Storybook	2025-01-01T07:20:47.4293042Z <s> [webpack.Progress] 10% building
build	Build Storybook	2025-01-01T07:20:47.4300305Z <s> [webpack.Progress] 10% building 0/1 entries 0/0 dependencies 0/0 modules
build	Build Storybook	2025-01-01T07:20:47.4901208Z info => Copying static files: [36mpublic[39m at [36mstorybook-static[39m
build	Build Storybook	2025-01-01T07:20:47.5064199Z <s> [webpack.Progress] 10% building import loader ./node_modules/@storybook/preset-react-webpack/dist/loaders/react-docgen-loader.js
build	Build Storybook	2025-01-01T07:20:47.8157506Z <s> [webpack.Progress] 10% building 0/1 entries 1/1 dependencies 0/1 modules
build	Build Storybook	2025-01-01T07:20:47.8197005Z info Using tsconfig paths for react-docgen
build	Build Storybook	2025-01-01T07:20:47.9760546Z <s> [webpack.Progress] 10% building import loader ./node_modules/@storybook/nextjs/dist/swc/next-swc-loader-patch.js
build	Build Storybook	2025-01-01T07:20:47.9942672Z <s> [webpack.Progress] 10% building 0/1 entries 8/19 dependencies 3/8 modules
build	Build Storybook	2025-01-01T07:20:48.5279588Z <s> [webpack.Progress] 10% building 0/1 entries 30/44 dependencies 7/26 modules
build	Build Storybook	2025-01-01T07:20:48.5517604Z <s> [webpack.Progress] 10% building import loader ./node_modules/@storybook/csf-plugin/dist/webpack-loader.js
build	Build Storybook	2025-01-01T07:20:48.5522716Z <s> [webpack.Progress] 10% building import loader ./node_modules/@storybook/builder-webpack5/dist/loaders/export-order-loader.js
build	Build Storybook	2025-01-01T07:20:48.5547800Z <s> [webpack.Progress] 10% building 0/1 entries 37/69 dependencies 10/28 modules
build	Build Storybook	2025-01-01T07:20:48.8214958Z <s> [webpack.Progress] 11% building import loader ./node_modules/@storybook/nextjs/node_modules/style-loader/dist/cjs.js
build	Build Storybook	2025-01-01T07:20:48.8228837Z <s> [webpack.Progress] 11% building import loader ./node_modules/@storybook/nextjs/node_modules/css-loader/dist/cjs.js
build	Build Storybook	2025-01-01T07:20:48.8529072Z <s> [webpack.Progress] 11% building import loader ./node_modules/postcss-loader/dist/cjs.js
build	Build Storybook	2025-01-01T07:20:48.8590761Z <s> [webpack.Progress] 11% building import loader ./node_modules/resolve-url-loader/index.js
build	Build Storybook	2025-01-01T07:20:48.8758395Z <s> [webpack.Progress] 11% building import loader ./node_modules/@storybook/nextjs/node_modules/sass-loader/dist/cjs.js
build	Build Storybook	2025-01-01T07:20:48.8770687Z <s> [webpack.Progress] 11% building import loader ./node_modules/style-loader/dist/cjs.js
build	Build Storybook	2025-01-01T07:20:48.8782249Z <s> [webpack.Progress] 11% building import loader ./node_modules/css-loader/dist/cjs.js
build	Build Storybook	2025-01-01T07:20:48.8909548Z <s> [webpack.Progress] 11% building import loader ./node_modules/sass-loader/dist/cjs.js
build	Build Storybook	2025-01-01T07:20:48.8921034Z <s> [webpack.Progress] 11% building 0/1 entries 136/164 dependencies 25/71 modules
build	Build Storybook	2025-01-01T07:20:49.3940060Z <s> [webpack.Progress] 12% building 0/1 entries 210/242 dependencies 40/100 modules
build	Build Storybook	2025-01-01T07:20:50.4212228Z <s> [webpack.Progress] 17% building 0/1 entries 462/489 dependencies 145/200 modules
build	Build Storybook	2025-01-01T07:20:51.1072483Z <s> [webpack.Progress] 21% building 0/1 entries 624/654 dependencies 200/257 modules
build	Build Storybook	2025-01-01T07:20:51.2902538Z <s> [webpack.Progress] 65% building 1/1 entries 810/810 dependencies 317/317 modules
build	Build Storybook	2025-01-01T07:20:51.2903533Z <s> [webpack.Progress] 65% building
build	Build Storybook	2025-01-01T07:20:51.2904114Z <s> [webpack.Progress] 69% building finish
build	Build Storybook	2025-01-01T07:20:51.2904753Z <s> [webpack.Progress] 69% building finish
build	Build Storybook	2025-01-01T07:20:51.2905723Z <s> [webpack.Progress] 70% sealing finish module graph
build	Build Storybook	2025-01-01T07:20:51.2906828Z <s> [webpack.Progress] 70% sealing finish module graph ResolverCachePlugin
build	Build Storybook	2025-01-01T07:20:51.2958807Z <s> [webpack.Progress] 70% sealing finish module graph InferAsyncModulesPlugin
build	Build Storybook	2025-01-01T07:20:51.2959998Z <s> [webpack.Progress] 70% sealing finish module graph FlagDependencyExportsPlugin
build	Build Storybook	2025-01-01T07:20:51.3023544Z <s> [webpack.Progress] 70% sealing finish module graph InnerGraphPlugin
build	Build Storybook	2025-01-01T07:20:51.3024554Z <s> [webpack.Progress] 70% sealing finish module graph WasmFinalizeExportsPlugin
build	Build Storybook	2025-01-01T07:20:51.3036666Z <s> [webpack.Progress] 70% sealing finish module graph
build	Build Storybook	2025-01-01T07:20:51.3205510Z <s> [webpack.Progress] 70% sealing plugins
build	Build Storybook	2025-01-01T07:20:51.3206633Z <s> [webpack.Progress] 70% sealing plugins WarnCaseSensitiveModulesPlugin
build	Build Storybook	2025-01-01T07:20:51.3207530Z <s> [webpack.Progress] 70% sealing plugins
build	Build Storybook	2025-01-01T07:20:51.3208912Z <s> [webpack.Progress] 71% sealing dependencies optimization
build	Build Storybook	2025-01-01T07:20:51.3210021Z <s> [webpack.Progress] 71% sealing dependencies optimization SideEffectsFlagPlugin
build	Build Storybook	2025-01-01T07:20:51.3310907Z <s> [webpack.Progress] 71% sealing dependencies optimization FlagDependencyUsagePlugin
build	Build Storybook	2025-01-01T07:20:51.3505807Z <s> [webpack.Progress] 71% sealing dependencies optimization
build	Build Storybook	2025-01-01T07:20:51.3506788Z <s> [webpack.Progress] 71% sealing after dependencies optimization
build	Build Storybook	2025-01-01T07:20:51.3507651Z <s> [webpack.Progress] 71% sealing after dependencies optimization
build	Build Storybook	2025-01-01T07:20:51.3508376Z <s> [webpack.Progress] 72% sealing chunk graph
build	Build Storybook	2025-01-01T07:20:51.3508972Z <s> [webpack.Progress] 72% sealing chunk graph
build	Build Storybook	2025-01-01T07:20:51.3669966Z <s> [webpack.Progress] 73% sealing after chunk graph
build	Build Storybook	2025-01-01T07:20:51.3671237Z <s> [webpack.Progress] 73% sealing after chunk graph
build	Build Storybook	2025-01-01T07:20:51.3672386Z <s> [webpack.Progress] 73% sealing optimizing
build	Build Storybook	2025-01-01T07:20:51.3673108Z <s> [webpack.Progress] 73% sealing optimizing
build	Build Storybook	2025-01-01T07:20:51.3741241Z <s> [webpack.Progress] 74% sealing module optimization
build	Build Storybook	2025-01-01T07:20:51.3742003Z <s> [webpack.Progress] 74% sealing module optimization
build	Build Storybook	2025-01-01T07:20:51.3742734Z <s> [webpack.Progress] 75% sealing after module optimization
build	Build Storybook	2025-01-01T07:20:51.3743464Z <s> [webpack.Progress] 75% sealing after module optimization
build	Build Storybook	2025-01-01T07:20:51.3744175Z <s> [webpack.Progress] 75% sealing chunk optimization
build	Build Storybook	2025-01-01T07:20:51.3745019Z <s> [webpack.Progress] 75% sealing chunk optimization EnsureChunkConditionsPlugin
build	Build Storybook	2025-01-01T07:20:51.3745997Z <s> [webpack.Progress] 75% sealing chunk optimization RemoveEmptyChunksPlugin
build	Build Storybook	2025-01-01T07:20:51.3746953Z <s> [webpack.Progress] 75% sealing chunk optimization MergeDuplicateChunksPlugin
build	Build Storybook	2025-01-01T07:20:51.3747920Z <s> [webpack.Progress] 75% sealing chunk optimization SplitChunksPlugin
build	Build Storybook	2025-01-01T07:20:51.3830757Z <s> [webpack.Progress] 75% sealing chunk optimization RemoveEmptyChunksPlugin
build	Build Storybook	2025-01-01T07:20:51.3835858Z <s> [webpack.Progress] 75% sealing chunk optimization
build	Build Storybook	2025-01-01T07:20:51.3841655Z <s> [webpack.Progress] 76% sealing after chunk optimization
build	Build Storybook	2025-01-01T07:20:51.3846229Z <s> [webpack.Progress] 76% sealing after chunk optimization
build	Build Storybook	2025-01-01T07:20:51.3852336Z <s> [webpack.Progress] 77% sealing module and chunk tree optimization
build	Build Storybook	2025-01-01T07:20:51.3857317Z <s> [webpack.Progress] 77% sealing module and chunk tree optimization PersistentChildCompilerSingletonPlugin
build	Build Storybook	2025-01-01T07:20:51.3864670Z <s> [webpack.Progress] 77% sealing module and chunk tree optimization
build	Build Storybook	2025-01-01T07:20:51.3870137Z <s> [webpack.Progress] 77% sealing after module and chunk tree optimization
build	Build Storybook	2025-01-01T07:20:51.3874672Z <s> [webpack.Progress] 77% sealing after module and chunk tree optimization
build	Build Storybook	2025-01-01T07:20:51.3881533Z <s> [webpack.Progress] 78% sealing chunk modules optimization
build	Build Storybook	2025-01-01T07:20:51.3886453Z <s> [webpack.Progress] 78% sealing chunk modules optimization ModuleConcatenationPlugin
build	Build Storybook	2025-01-01T07:20:51.4091479Z <s> [webpack.Progress] 78% sealing chunk modules optimization
build	Build Storybook	2025-01-01T07:20:51.4097455Z <s> [webpack.Progress] 78% sealing after chunk modules optimization
build	Build Storybook	2025-01-01T07:20:51.4102788Z <s> [webpack.Progress] 78% sealing after chunk modules optimization
build	Build Storybook	2025-01-01T07:20:51.4109265Z <s> [webpack.Progress] 79% sealing module reviving
build	Build Storybook	2025-01-01T07:20:51.4114168Z <s> [webpack.Progress] 79% sealing module reviving RecordIdsPlugin
build	Build Storybook	2025-01-01T07:20:51.4118867Z <s> [webpack.Progress] 79% sealing module reviving
build	Build Storybook	2025-01-01T07:20:51.4123772Z <s> [webpack.Progress] 80% sealing before module ids
build	Build Storybook	2025-01-01T07:20:51.4128371Z <s> [webpack.Progress] 80% sealing before module ids
build	Build Storybook	2025-01-01T07:20:51.4133815Z <s> [webpack.Progress] 80% sealing module ids
build	Build Storybook	2025-01-01T07:20:51.4138350Z <s> [webpack.Progress] 80% sealing module ids NamedModuleIdsPlugin
build	Build Storybook	2025-01-01T07:20:51.4175598Z <s> [webpack.Progress] 80% sealing module ids
build	Build Storybook	2025-01-01T07:20:51.4181101Z <s> [webpack.Progress] 81% sealing module id optimization
build	Build Storybook	2025-01-01T07:20:51.4186127Z <s> [webpack.Progress] 81% sealing module id optimization
build	Build Storybook	2025-01-01T07:20:51.4191056Z <s> [webpack.Progress] 82% sealing module id optimization
build	Build Storybook	2025-01-01T07:20:51.4195510Z <s> [webpack.Progress] 82% sealing module id optimization
build	Build Storybook	2025-01-01T07:20:51.4200966Z <s> [webpack.Progress] 82% sealing chunk reviving
build	Build Storybook	2025-01-01T07:20:51.4205469Z <s> [webpack.Progress] 82% sealing chunk reviving RecordIdsPlugin
build	Build Storybook	2025-01-01T07:20:51.4210077Z <s> [webpack.Progress] 82% sealing chunk reviving
build	Build Storybook	2025-01-01T07:20:51.4215263Z <s> [webpack.Progress] 83% sealing before chunk ids
build	Build Storybook	2025-01-01T07:20:51.4219857Z <s> [webpack.Progress] 83% sealing before chunk ids
build	Build Storybook	2025-01-01T07:20:51.4225519Z <s> [webpack.Progress] 84% sealing chunk ids
build	Build Storybook	2025-01-01T07:20:51.4230060Z <s> [webpack.Progress] 84% sealing chunk ids DeterministicChunkIdsPlugin
build	Build Storybook	2025-01-01T07:20:51.4291538Z <s> [webpack.Progress] 84% sealing chunk ids
build	Build Storybook	2025-01-01T07:20:51.4292304Z <s> [webpack.Progress] 84% sealing chunk id optimization
build	Build Storybook	2025-01-01T07:20:51.4293273Z <s> [webpack.Progress] 84% sealing chunk id optimization FlagIncludedChunksPlugin
build	Build Storybook	2025-01-01T07:20:51.4294184Z <s> [webpack.Progress] 84% sealing chunk id optimization
build	Build Storybook	2025-01-01T07:20:51.4294989Z <s> [webpack.Progress] 85% sealing after chunk id optimization
build	Build Storybook	2025-01-01T07:20:51.4295865Z <s> [webpack.Progress] 85% sealing after chunk id optimization
build	Build Storybook	2025-01-01T07:20:51.4318490Z <s> [webpack.Progress] 87% sealing module hashing
build	Build Storybook	2025-01-01T07:20:51.4319623Z <s> [webpack.Progress] 87% sealing module hashing
build	Build Storybook	2025-01-01T07:20:51.4553556Z <s> [webpack.Progress] 87% sealing code generation
build	Build Storybook	2025-01-01T07:20:51.4554356Z <s> [webpack.Progress] 87% sealing code generation
build	Build Storybook	2025-01-01T07:20:52.2821004Z <s> [webpack.Progress] 88% sealing runtime requirements
build	Build Storybook	2025-01-01T07:20:52.2822196Z <s> [webpack.Progress] 88% sealing runtime requirements
build	Build Storybook	2025-01-01T07:20:52.2876322Z <s> [webpack.Progress] 89% sealing hashing
build	Build Storybook	2025-01-01T07:20:52.2877188Z <s> [webpack.Progress] 89% sealing hashing
build	Build Storybook	2025-01-01T07:20:52.2954157Z <s> [webpack.Progress] 89% sealing after hashing
build	Build Storybook	2025-01-01T07:20:52.2955170Z <s> [webpack.Progress] 89% sealing after hashing
build	Build Storybook	2025-01-01T07:20:52.2960443Z <s> [webpack.Progress] 91% sealing module assets processing
build	Build Storybook	2025-01-01T07:20:52.2961420Z <s> [webpack.Progress] 91% sealing module assets processing
build	Build Storybook	2025-01-01T07:20:52.2963489Z <s> [webpack.Progress] 91% sealing chunk assets processing
build	Build Storybook	2025-01-01T07:20:52.2965752Z <s> [webpack.Progress] 91% sealing chunk assets processing
build	Build Storybook	2025-01-01T07:20:52.3024591Z <s> [webpack.Progress] 92% sealing asset processing
build	Build Storybook	2025-01-01T07:20:52.3027424Z <s> [webpack.Progress] 92% sealing asset processing PersistentChildCompilerSingletonPlugin
build	Build Storybook	2025-01-01T07:20:52.3030755Z <s> [webpack.Progress] 92% sealing asset processing TerserPlugin
build	Build Storybook	2025-01-01T07:21:04.8861879Z <s> [webpack.Progress] 92% sealing asset processing SourceMapDevToolPlugin
build	Build Storybook	2025-01-01T07:21:04.8863678Z <s> [webpack.Progress] 92% sealing asset processing SourceMapDevToolPlugin
build	Build Storybook	2025-01-01T07:21:04.8868927Z <s> [webpack.Progress] 92% sealing asset processing SourceMapDevToolPlugin main.9946ee7e.iframe.bundle.js generate SourceMap
build	Build Storybook	2025-01-01T07:21:04.8929952Z <s> [webpack.Progress] 92% sealing asset processing SourceMapDevToolPlugin main.9946ee7e.iframe.bundle.js generated SourceMap
build	Build Storybook	2025-01-01T07:21:04.8931957Z <s> [webpack.Progress] 92% sealing asset processing SourceMapDevToolPlugin runtime~main.5e7b76dd.iframe.bundle.js generate SourceMap
build	Build Storybook	2025-01-01T07:21:04.8964833Z <s> [webpack.Progress] 92% sealing asset processing SourceMapDevToolPlugin runtime~main.5e7b76dd.iframe.bundle.js generated SourceMap
build	Build Storybook	2025-01-01T07:21:04.8971362Z <s> [webpack.Progress] 92% sealing asset processing SourceMapDevToolPlugin components-button-index-stories.4207e9bc.iframe.bundle.js generate SourceMap
build	Build Storybook	2025-01-01T07:21:04.8989984Z <s> [webpack.Progress] 92% sealing asset processing SourceMapDevToolPlugin components-button-index-stories.4207e9bc.iframe.bundle.js generated SourceMap
build	Build Storybook	2025-01-01T07:21:04.8997428Z <s> [webpack.Progress] 92% sealing asset processing SourceMapDevToolPlugin 735.bde1c6c5.iframe.bundle.js generate SourceMap
build	Build Storybook	2025-01-01T07:21:04.9119112Z <s> [webpack.Progress] 92% sealing asset processing SourceMapDevToolPlugin 735.bde1c6c5.iframe.bundle.js generated SourceMap
build	Build Storybook	2025-01-01T07:21:04.9121062Z <s> [webpack.Progress] 92% sealing asset processing SourceMapDevToolPlugin 980.3ca1bcd1.iframe.bundle.js generate SourceMap
build	Build Storybook	2025-01-01T07:21:04.9123014Z <s> [webpack.Progress] 92% sealing asset processing SourceMapDevToolPlugin 980.3ca1bcd1.iframe.bundle.js generated SourceMap
build	Build Storybook	2025-01-01T07:21:04.9124851Z <s> [webpack.Progress] 92% sealing asset processing SourceMapDevToolPlugin 648.40072507.iframe.bundle.js generate SourceMap
build	Build Storybook	2025-01-01T07:21:04.9126726Z <s> [webpack.Progress] 92% sealing asset processing SourceMapDevToolPlugin 648.40072507.iframe.bundle.js generated SourceMap
build	Build Storybook	2025-01-01T07:21:04.9128559Z <s> [webpack.Progress] 92% sealing asset processing SourceMapDevToolPlugin 364.204af364.iframe.bundle.js generate SourceMap
build	Build Storybook	2025-01-01T07:21:04.9130328Z <s> [webpack.Progress] 92% sealing asset processing SourceMapDevToolPlugin 364.204af364.iframe.bundle.js generated SourceMap
build	Build Storybook	2025-01-01T07:21:04.9132022Z <s> [webpack.Progress] 92% sealing asset processing SourceMapDevToolPlugin 869.89370a67.iframe.bundle.js generate SourceMap
build	Build Storybook	2025-01-01T07:21:04.9138084Z <s> [webpack.Progress] 92% sealing asset processing SourceMapDevToolPlugin 869.89370a67.iframe.bundle.js generated SourceMap
build	Build Storybook	2025-01-01T07:21:04.9143478Z <s> [webpack.Progress] 92% sealing asset processing SourceMapDevToolPlugin 516.f284c21d.iframe.bundle.js generate SourceMap
build	Build Storybook	2025-01-01T07:21:04.9582721Z <s> [webpack.Progress] 92% sealing asset processing SourceMapDevToolPlugin 516.f284c21d.iframe.bundle.js generated SourceMap
build	Build Storybook	2025-01-01T07:21:04.9584669Z <s> [webpack.Progress] 92% sealing asset processing SourceMapDevToolPlugin 878.29c01683.iframe.bundle.js generate SourceMap
build	Build Storybook	2025-01-01T07:21:04.9970588Z <s> [webpack.Progress] 92% sealing asset processing SourceMapDevToolPlugin 878.29c01683.iframe.bundle.js generated SourceMap
build	Build Storybook	2025-01-01T07:21:04.9972080Z <s> [webpack.Progress] 92% sealing asset processing SourceMapDevToolPlugin resolve sources
build	Build Storybook	2025-01-01T07:21:04.9974912Z <s> [webpack.Progress] 92% sealing asset processing SourceMapDevToolPlugin 516.f284c21d.iframe.bundle.js attach SourceMap
build	Build Storybook	2025-01-01T07:21:05.0004662Z <s> [webpack.Progress] 92% sealing asset processing SourceMapDevToolPlugin 516.f284c21d.iframe.bundle.js attached SourceMap
build	Build Storybook	2025-01-01T07:21:05.0006942Z <s> [webpack.Progress] 92% sealing asset processing SourceMapDevToolPlugin 878.29c01683.iframe.bundle.js attach SourceMap
build	Build Storybook	2025-01-01T07:21:05.0153629Z <s> [webpack.Progress] 92% sealing asset processing SourceMapDevToolPlugin 878.29c01683.iframe.bundle.js attached SourceMap
build	Build Storybook	2025-01-01T07:21:05.0155456Z <s> [webpack.Progress] 92% sealing asset processing SourceMapDevToolPlugin
build	Build Storybook	2025-01-01T07:21:05.0157035Z <s> [webpack.Progress] 92% sealing asset processing SourceMapDevToolPlugin
build	Build Storybook	2025-01-01T07:21:05.0158430Z <s> [webpack.Progress] 92% sealing asset processing SourceMapDevToolPlugin resolve sources
build	Build Storybook	2025-01-01T07:21:05.0159629Z <s> [webpack.Progress] 92% sealing asset processing SourceMapDevToolPlugin
build	Build Storybook	2025-01-01T07:21:05.0161751Z <s> [webpack.Progress] 92% sealing asset processing HtmlWebpackPlugin
build	Build Storybook	2025-01-01T07:21:05.1034930Z <s> [webpack.Progress] 92% sealing asset processing HtmlWebpackPlugin
build	Build Storybook	2025-01-01T07:21:05.1036145Z <s> [webpack.Progress] 92% sealing asset processing HtmlWebpackPlugin resolve sources
build	Build Storybook	2025-01-01T07:21:05.1037601Z <s> [webpack.Progress] 92% sealing asset processing HtmlWebpackPlugin
build	Build Storybook	2025-01-01T07:21:05.1038784Z <s> [webpack.Progress] 92% sealing asset processing RealContentHashPlugin
build	Build Storybook	2025-01-01T07:21:05.1365060Z <s> [webpack.Progress] 92% sealing asset processing RealContentHashPlugin
build	Build Storybook	2025-01-01T07:21:05.1366697Z <s> [webpack.Progress] 92% sealing asset processing RealContentHashPlugin main.e6bbc006.iframe.bundle.js generate SourceMap
build	Build Storybook	2025-01-01T07:21:05.1371645Z <s> [webpack.Progress] 92% sealing asset processing RealContentHashPlugin main.e6bbc006.iframe.bundle.js generated SourceMap
build	Build Storybook	2025-01-01T07:21:05.1374161Z <s> [webpack.Progress] 92% sealing asset processing RealContentHashPlugin runtime~main.c18c4f8f.iframe.bundle.js generate SourceMap
build	Build Storybook	2025-01-01T07:21:05.1376132Z <s> [webpack.Progress] 92% sealing asset processing RealContentHashPlugin runtime~main.c18c4f8f.iframe.bundle.js generated SourceMap
build	Build Storybook	2025-01-01T07:21:05.1378296Z <s> [webpack.Progress] 92% sealing asset processing RealContentHashPlugin components-button-index-stories.a47ea2ff.iframe.bundle.js generate SourceMap
build	Build Storybook	2025-01-01T07:21:05.1380842Z <s> [webpack.Progress] 92% sealing asset processing RealContentHashPlugin components-button-index-stories.a47ea2ff.iframe.bundle.js generated SourceMap
build	Build Storybook	2025-01-01T07:21:05.1382910Z <s> [webpack.Progress] 92% sealing asset processing RealContentHashPlugin 980.c770b282.iframe.bundle.js generate SourceMap
build	Build Storybook	2025-01-01T07:21:05.1384601Z <s> [webpack.Progress] 92% sealing asset processing RealContentHashPlugin 980.c770b282.iframe.bundle.js generated SourceMap
build	Build Storybook	2025-01-01T07:21:05.1386355Z <s> [webpack.Progress] 92% sealing asset processing RealContentHashPlugin 648.1cf684a7.iframe.bundle.js generate SourceMap
build	Build Storybook	2025-01-01T07:21:05.1388087Z <s> [webpack.Progress] 92% sealing asset processing RealContentHashPlugin 648.1cf684a7.iframe.bundle.js generated SourceMap
build	Build Storybook	2025-01-01T07:21:05.1389792Z <s> [webpack.Progress] 92% sealing asset processing RealContentHashPlugin 364.051144cf.iframe.bundle.js generate SourceMap
build	Build Storybook	2025-01-01T07:21:05.1391441Z <s> [webpack.Progress] 92% sealing asset processing RealContentHashPlugin 364.051144cf.iframe.bundle.js generated SourceMap
build	Build Storybook	2025-01-01T07:21:05.1393083Z <s> [webpack.Progress] 92% sealing asset processing RealContentHashPlugin 869.76f69392.iframe.bundle.js generate SourceMap
build	Build Storybook	2025-01-01T07:21:05.1394868Z <s> [webpack.Progress] 92% sealing asset processing RealContentHashPlugin 869.76f69392.iframe.bundle.js generated SourceMap
build	Build Storybook	2025-01-01T07:21:05.1396666Z <s> [webpack.Progress] 92% sealing asset processing RealContentHashPlugin 735.868cb388.iframe.bundle.js generate SourceMap
build	Build Storybook	2025-01-01T07:21:05.1398408Z <s> [webpack.Progress] 92% sealing asset processing RealContentHashPlugin 735.868cb388.iframe.bundle.js generated SourceMap
build	Build Storybook	2025-01-01T07:21:05.1399938Z <s> [webpack.Progress] 92% sealing asset processing RealContentHashPlugin resolve sources
build	Build Storybook	2025-01-01T07:21:05.1401150Z <s> [webpack.Progress] 92% sealing asset processing RealContentHashPlugin
build	Build Storybook	2025-01-01T07:21:05.1402481Z <s> [webpack.Progress] 92% sealing asset processing
build	Build Storybook	2025-01-01T07:21:05.1403338Z <s> [webpack.Progress] 93% sealing after asset optimization
build	Build Storybook	2025-01-01T07:21:05.1404199Z <s> [webpack.Progress] 93% sealing after asset optimization
build	Build Storybook	2025-01-01T07:21:05.1418259Z <s> [webpack.Progress] 94% sealing after seal
build	Build Storybook	2025-01-01T07:21:05.1430650Z <s> [webpack.Progress] 94% sealing after seal
build	Build Storybook	2025-01-01T07:21:05.1431361Z <s> [webpack.Progress] 99% done plugins
build	Build Storybook	2025-01-01T07:21:05.1432132Z <s> [webpack.Progress] 99% done plugins CaseSensitivePathsPlugin
build	Build Storybook	2025-01-01T07:21:05.1432881Z <s> [webpack.Progress] 99% done plugins
build	Build Storybook	2025-01-01T07:21:05.1433373Z <s> [webpack.Progress] 99% 
build	Build Storybook	2025-01-01T07:21:05.1433637Z 
build	Build Storybook	2025-01-01T07:21:05.1433921Z <s> [webpack.Progress] 99% cache begin idle
build	Build Storybook	2025-01-01T07:21:05.1434499Z <s> [webpack.Progress] 99% cache begin idle
build	Build Storybook	2025-01-01T07:21:05.1435032Z <s> [webpack.Progress] 100% 
build	Build Storybook	2025-01-01T07:21:05.1435314Z 
build	Build Storybook	2025-01-01T07:21:05.1462964Z <s> [webpack.Progress] 99% cache shutdown
build	Build Storybook	2025-01-01T07:21:05.1463671Z <s> [webpack.Progress] 99% cache shutdown
build	Build Storybook	2025-01-01T07:21:05.1464249Z <s> [webpack.Progress] 100% 
build	Build Storybook	2025-01-01T07:21:05.1464588Z 
build	Build Storybook	2025-01-01T07:21:05.1465878Z [38;2;241;97;97mModule build failed (from ./node_modules/@storybook/nextjs/node_modules/sass-loader/dist/cjs.js):
build	Build Storybook	2025-01-01T07:21:05.1466804Z expected "{".
build	Build Storybook	2025-01-01T07:21:05.1467240Z   ╷
build	Build Storybook	2025-01-01T07:21:05.1468334Z 2 │       import API from "!../../../node_modules/style-loader/dist/runtime/injectStylesIntoStyleTag.js";
build	Build Storybook	2025-01-01T07:21:05.1471347Z   │                                                                                                     ^
build	Build Storybook	2025-01-01T07:21:05.1472215Z   ╵
build	Build Storybook	2025-01-01T07:21:05.1472861Z   src/components/button/index.module.scss 2:101  root stylesheet[39m
build	Build Storybook	2025-01-01T07:21:05.1473716Z [38;2;241;97;97m=> Failed to build the preview[39m
build	Build Storybook	2025-01-01T07:21:05.1476744Z [38;2;241;97;97mSB_BUILDER-WEBPACK5_0003 (WebpackCompilationError): There were problems when compiling your code with Webpack.
build	Build Storybook	2025-01-01T07:21:05.1478103Z Run Storybook with --debug-webpack for more information.[39m
build	Build Storybook	2025-01-01T07:21:05.1478923Z     at ./node_modules/@storybook/builder-webpack5/dist/index.js:1:25143
build	Build Storybook	2025-01-01T07:21:05.1479667Z     at ./node_modules/webpack/lib/HookWebpackError.js:67:2
build	Build Storybook	2025-01-01T07:21:05.1480722Z     at Hook.eval [as callAsync] (eval at create (./node_modules/tapable/lib/HookCodeFactory.js:33:10), <anonymous>:11:1)
build	Build Storybook	2025-01-01T07:21:05.1481907Z     at Hook.CALL_ASYNC_DELEGATE [as _callAsync] (./node_modules/tapable/lib/Hook.js:18:14)
build	Build Storybook	2025-01-01T07:21:05.1482791Z     at Cache.shutdown (./node_modules/webpack/lib/Cache.js:154:23)
build	Build Storybook	2025-01-01T07:21:05.1483467Z     at ./node_modules/webpack/lib/Compiler.js:1379:15
build	Build Storybook	2025-01-01T07:21:05.1484460Z     at Hook.eval [as callAsync] (eval at create (./node_modules/tapable/lib/HookCodeFactory.js:33:10), <anonymous>:6:1)
build	Build Storybook	2025-01-01T07:21:05.1485583Z     at Hook.CALL_ASYNC_DELEGATE [as _callAsync] (./node_modules/tapable/lib/Hook.js:18:14)
build	Build Storybook	2025-01-01T07:21:05.1486514Z     at Compiler.close (./node_modules/webpack/lib/Compiler.js:1372:23)
build	Build Storybook	2025-01-01T07:21:05.1487356Z     at ./node_modules/@storybook/builder-webpack5/dist/index.js:1:25128
build	Build Storybook	2025-01-01T07:21:05.1488172Z     at finalCallback (./node_modules/webpack/lib/Compiler.js:500:32)
build	Build Storybook	2025-01-01T07:21:05.1488875Z     at ./node_modules/webpack/lib/Compiler.js:524:13
build	Build Storybook	2025-01-01T07:21:05.1489967Z     at Hook.eval [as callAsync] (eval at create (./node_modules/tapable/lib/HookCodeFactory.js:33:10), <anonymous>:23:1)
build	Build Storybook	2025-01-01T07:21:05.1491162Z     at Hook.CALL_ASYNC_DELEGATE [as _callAsync] (./node_modules/tapable/lib/Hook.js:18:14)
build	Build Storybook	2025-01-01T07:21:05.1492055Z     at onCompiled (./node_modules/webpack/lib/Compiler.js:522:21)
build	Build Storybook	2025-01-01T07:21:05.1492720Z     at ./node_modules/webpack/lib/Compiler.js:1350:17
build	Build Storybook	2025-01-01T07:21:05.1493632Z     at eval (eval at create (./node_modules/tapable/lib/HookCodeFactory.js:33:10), <anonymous>:13:1)
build	Build Storybook	2025-01-01T07:21:05.1495057Z     at process.processTicksAndRejections (node:internal/process/task_queues:95:5)
build	Build Storybook	2025-01-01T07:21:05.1526201Z WARN Could not resolve addon "@storybook/preset-scss", skipping. Is it installed?
build	Build Storybook	2025-01-01T07:21:05.1606978Z 
build	Build Storybook	2025-01-01T07:21:05.1608519Z [35m[1mattention[22m[39m => Storybook now collects completely anonymous telemetry regarding usage.
build	Build Storybook	2025-01-01T07:21:05.1609721Z This information is used to shape Storybook's roadmap and prioritize features.
build	Build Storybook	2025-01-01T07:21:05.1611150Z You can learn more, including how to opt-out if you'd not like to participate in this anonymous program, by visiting the following URL:
build	Build Storybook	2025-01-01T07:21:05.1613116Z [36mhttps://storybook.js.org/telemetry[39m
build	Build Storybook	2025-01-01T07:21:05.1613496Z 
build	Build Storybook	2025-01-01T07:21:05.3814798Z ##[error]Process completed with exit code 1.
